# JRE version: OpenJDK Runtime Environment (8.0_76-b03) (build 1.8.0_76-release-b03)
# Java VM: OpenJDK 64-Bit Server VM (25.76-b03 mixed mode linux-amd64 compressed oops)
Heap:
 PSYoungGen      total 349696K, used 0K [0x00000000e0000000, 0x0000000100000000, 0x0000000100000000)
  eden space 175104K, 0% used [0x00000000e0000000,0x00000000e0000000,0x00000000eab00000)
  from space 174592K, 0% used [0x00000000eab00000,0x00000000eab00000,0x00000000f5580000)
  to   space 174592K, 0% used [0x00000000f5580000,0x00000000f5580000,0x0000000100000000)
 ParOldGen       total 479232K, used 431116K [0x00000000a0000000, 0x00000000bd400000, 0x00000000e0000000)
  object space 479232K, 89% used [0x00000000a0000000,0x00000000ba503278,0x00000000bd400000)
 Metaspace       used 77160K, capacity 80838K, committed 81024K, reserved 1120256K
  class space    used 9636K, capacity 10317K, committed 10368K, reserved 1048576K
GC Heap History (10 events):
Event: 187.470 GC heap after
Heap after GC invocations=53 (full 8):
 PSYoungGen      total 390144K, used 0K [0x00000000e0000000, 0x0000000100000000, 0x0000000100000000)
  eden space 256000K, 0% used [0x00000000e0000000,0x00000000e0000000,0x00000000efa00000)
  from space 134144K, 0% used [0x00000000efa00000,0x00000000efa00000,0x00000000f7d00000)
  to   space 126464K, 0% used [0x00000000f8480000,0x00000000f8480000,0x0000000100000000)
 ParOldGen       total 479232K, used 332004K [0x00000000a0000000, 0x00000000bd400000, 0x00000000e0000000)
  object space 479232K, 69% used [0x00000000a0000000,0x00000000b44393a0,0x00000000bd400000)
 Metaspace       used 77029K, capacity 80710K, committed 81024K, reserved 1120256K
  class space    used 9636K, capacity 10317K, committed 10368K, reserved 1048576K
}
Event: 188.066 GC heap before
{Heap before GC invocations=54 (full 8):
 PSYoungGen      total 390144K, used 256000K [0x00000000e0000000, 0x0000000100000000, 0x0000000100000000)
  eden space 256000K, 100% used [0x00000000e0000000,0x00000000efa00000,0x00000000efa00000)
  from space 134144K, 0% used [0x00000000efa00000,0x00000000efa00000,0x00000000f7d00000)
  to   space 126464K, 0% used [0x00000000f8480000,0x00000000f8480000,0x0000000100000000)
 ParOldGen       total 479232K, used 332004K [0x00000000a0000000, 0x00000000bd400000, 0x00000000e0000000)
  object space 479232K, 69% used [0x00000000a0000000,0x00000000b44393a0,0x00000000bd400000)
 Metaspace       used 77055K, capacity 80774K, committed 81024K, reserved 1120256K
  class space    used 9636K, capacity 10317K, committed 10368K, reserved 1048576K
Event: 188.122 GC heap after
Heap after GC invocations=54 (full 8):
 PSYoungGen      total 369152K, used 47687K [0x00000000e0000000, 0x00000000feb80000, 0x0000000100000000)
  eden space 263680K, 0% used [0x00000000e0000000,0x00000000e0000000,0x00000000f0180000)
  from space 105472K, 45% used [0x00000000f8480000,0x00000000fb311dc0,0x00000000feb80000)
  to   space 119808K, 0% used [0x00000000f0180000,0x00000000f0180000,0x00000000f7680000)
 ParOldGen       total 479232K, used 332004K [0x00000000a0000000, 0x00000000bd400000, 0x00000000e0000000)
  object space 479232K, 69% used [0x00000000a0000000,0x00000000b44393a0,0x00000000bd400000)
 Metaspace       used 77055K, capacity 80774K, committed 81024K, reserved 1120256K
  class space    used 9636K, capacity 10317K, committed 10368K, reserved 1048576K
}
Event: 188.888 GC heap before
{Heap before GC invocations=55 (full 8):
 PSYoungGen      total 369152K, used 311367K [0x00000000e0000000, 0x00000000feb80000, 0x0000000100000000)
  eden space 263680K, 100% used [0x00000000e0000000,0x00000000f0180000,0x00000000f0180000)
  from space 105472K, 45% used [0x00000000f8480000,0x00000000fb311dc0,0x00000000feb80000)
  to   space 119808K, 0% used [0x00000000f0180000,0x00000000f0180000,0x00000000f7680000)
 ParOldGen       total 479232K, used 332004K [0x00000000a0000000, 0x00000000bd400000, 0x00000000e0000000)
  object space 479232K, 69% used [0x00000000a0000000,0x00000000b44393a0,0x00000000bd400000)
 Metaspace       used 77112K, capacity 80838K, committed 81024K, reserved 1120256K
  class space    used 9636K, capacity 10317K, committed 10368K, reserved 1048576K
Event: 189.015 GC heap after
Heap after GC invocations=55 (full 8):
 PSYoungGen      total 383488K, used 102339K [0x00000000e0000000, 0x0000000100000000, 0x0000000100000000)
  eden space 263680K, 0% used [0x00000000e0000000,0x00000000e0000000,0x00000000f0180000)
  from space 119808K, 85% used [0x00000000f0180000,0x00000000f6570df8,0x00000000f7680000)
  to   space 134144K, 0% used [0x00000000f7d00000,0x00000000f7d00000,0x0000000100000000)
 ParOldGen       total 479232K, used 332004K [0x00000000a0000000, 0x00000000bd400000, 0x00000000e0000000)
  object space 479232K, 69% used [0x00000000a0000000,0x00000000b44393a0,0x00000000bd400000)
 Metaspace       used 77112K, capacity 80838K, committed 81024K, reserved 1120256K
  class space    used 9636K, capacity 10317K, committed 10368K, reserved 1048576K
}
Event: 189.577 GC heap before
{Heap before GC invocations=56 (full 8):
 PSYoungGen      total 383488K, used 366019K [0x00000000e0000000, 0x0000000100000000, 0x0000000100000000)
  eden space 263680K, 100% used [0x00000000e0000000,0x00000000f0180000,0x00000000f0180000)
  from space 119808K, 85% used [0x00000000f0180000,0x00000000f6570df8,0x00000000f7680000)
  to   space 134144K, 0% used [0x00000000f7d00000,0x00000000f7d00000,0x0000000100000000)
 ParOldGen       total 479232K, used 332004K [0x00000000a0000000, 0x00000000bd400000, 0x00000000e0000000)
  object space 479232K, 69% used [0x00000000a0000000,0x00000000b44393a0,0x00000000bd400000)
 Metaspace       used 77158K, capacity 80838K, committed 81024K, reserved 1120256K
  class space    used 9636K, capacity 10317K, committed 10368K, reserved 1048576K
Event: 189.895 GC heap after
Heap after GC invocations=56 (full 8):
 PSYoungGen      total 309248K, used 134142K [0x00000000e0000000, 0x0000000100000000, 0x0000000100000000)
  eden space 175104K, 0% used [0x00000000e0000000,0x00000000e0000000,0x00000000eab00000)
  from space 134144K, 99% used [0x00000000f7d00000,0x00000000fffffac8,0x0000000100000000)
  to   space 174592K, 0% used [0x00000000eab00000,0x00000000eab00000,0x00000000f5580000)
 ParOldGen       total 479232K, used 383911K [0x00000000a0000000, 0x00000000bd400000, 0x00000000e0000000)
  object space 479232K, 80% used [0x00000000a0000000,0x00000000b76e9ca0,0x00000000bd400000)
 Metaspace       used 77158K, capacity 80838K, committed 81024K, reserved 1120256K
  class space    used 9636K, capacity 10317K, committed 10368K, reserved 1048576K
}
Event: 190.162 GC heap before
{Heap before GC invocations=57 (full 8):
 PSYoungGen      total 309248K, used 309246K [0x00000000e0000000, 0x0000000100000000, 0x0000000100000000)
  eden space 175104K, 100% used [0x00000000e0000000,0x00000000eab00000,0x00000000eab00000)
  from space 134144K, 99% used [0x00000000f7d00000,0x00000000fffffac8,0x0000000100000000)
  to   space 174592K, 0% used [0x00000000eab00000,0x00000000eab00000,0x00000000f5580000)
 ParOldGen       total 479232K, used 383911K [0x00000000a0000000, 0x00000000bd400000, 0x00000000e0000000)
  object space 479232K, 80% used [0x00000000a0000000,0x00000000b76e9ca0,0x00000000bd400000)
 Metaspace       used 77160K, capacity 80838K, committed 81024K, reserved 1120256K
  class space    used 9636K, capacity 10317K, committed 10368K, reserved 1048576K
Event: 191.736 GC heap after
Heap after GC invocations=57 (full 8):
 PSYoungGen      total 349696K, used 122843K [0x00000000e0000000, 0x0000000100000000, 0x0000000100000000)
  eden space 175104K, 0% used [0x00000000e0000000,0x00000000e0000000,0x00000000eab00000)
  from space 174592K, 70% used [0x00000000eab00000,0x00000000f22f6d38,0x00000000f5580000)
  to   space 174592K, 0% used [0x00000000f5580000,0x00000000f5580000,0x0000000100000000)
 ParOldGen       total 479232K, used 470785K [0x00000000a0000000, 0x00000000bd400000, 0x00000000e0000000)
  object space 479232K, 98% used [0x00000000a0000000,0x00000000bcbc07f0,0x00000000bd400000)
 Metaspace       used 77160K, capacity 80838K, committed 81024K, reserved 1120256K
  class space    used 9636K, capacity 10317K, committed 10368K, reserved 1048576K
}
Event: 191.752 GC heap before
{Heap before GC invocations=58 (full 9):
 PSYoungGen      total 349696K, used 122843K [0x00000000e0000000, 0x0000000100000000, 0x0000000100000000)
  eden space 175104K, 0% used [0x00000000e0000000,0x00000000e0000000,0x00000000eab00000)
  from space 174592K, 70% used [0x00000000eab00000,0x00000000f22f6d38,0x00000000f5580000)
  to   space 174592K, 0% used [0x00000000f5580000,0x00000000f5580000,0x0000000100000000)
 ParOldGen       total 479232K, used 470785K [0x00000000a0000000, 0x00000000bd400000, 0x00000000e0000000)
  object space 479232K, 98% used [0x00000000a0000000,0x00000000bcbc07f0,0x00000000bd400000)
 Metaspace       used 77160K, capacity 80838K, committed 81024K, reserved 1120256K
  class space    used 9636K, capacity 10317K, committed 10368K, reserved 1048576K

