# JRE version: OpenJDK Runtime Environment (8.0_76-b03) (build 1.8.0_76-release-b03)
# Java VM: OpenJDK 64-Bit Server VM (25.76-b03 mixed mode linux-amd64 compressed oops)
Heap:
 PSYoungGen      total 351744K, used 43713K [0x00000000e0000000, 0x0000000100000000, 0x0000000100000000)
  eden space 240640K, 0% used [0x00000000e0000000,0x00000000e0000000,0x00000000eeb00000)
  from space 111104K, 39% used [0x00000000f9380000,0x00000000fbe30470,0x0000000100000000)
  to   space 141824K, 0% used [0x00000000eeb00000,0x00000000eeb00000,0x00000000f7580000)
 ParOldGen       total 510464K, used 509965K [0x00000000a0000000, 0x00000000bf280000, 0x00000000e0000000)
  object space 510464K, 99% used [0x00000000a0000000,0x00000000bf203528,0x00000000bf280000)
 Metaspace       used 65928K, capacity 67926K, committed 68096K, reserved 1107968K
  class space    used 8317K, capacity 8700K, committed 8704K, reserved 1048576K
GC Heap History (10 events):
Event: 322.347 GC heap after
Heap after GC invocations=31 (full 7):
 PSYoungGen      total 401920K, used 22589K [0x00000000e0000000, 0x0000000100000000, 0x0000000100000000)
  eden space 325632K, 0% used [0x00000000e0000000,0x00000000e0000000,0x00000000f3e00000)
  from space 76288K, 29% used [0x00000000fb580000,0x00000000fcb8f610,0x0000000100000000)
  to   space 99328K, 0% used [0x00000000f3e00000,0x00000000f3e00000,0x00000000f9f00000)
 ParOldGen       total 510464K, used 346486K [0x00000000a0000000, 0x00000000bf280000, 0x00000000e0000000)
  object space 510464K, 67% used [0x00000000a0000000,0x00000000b525d830,0x00000000bf280000)
 Metaspace       used 65922K, capacity 67926K, committed 68096K, reserved 1107968K
  class space    used 8316K, capacity 8700K, committed 8704K, reserved 1048576K
}
Event: 323.442 GC heap before
{Heap before GC invocations=32 (full 7):
 PSYoungGen      total 401920K, used 348221K [0x00000000e0000000, 0x0000000100000000, 0x0000000100000000)
  eden space 325632K, 100% used [0x00000000e0000000,0x00000000f3e00000,0x00000000f3e00000)
  from space 76288K, 29% used [0x00000000fb580000,0x00000000fcb8f610,0x0000000100000000)
  to   space 99328K, 0% used [0x00000000f3e00000,0x00000000f3e00000,0x00000000f9f00000)
 ParOldGen       total 510464K, used 346486K [0x00000000a0000000, 0x00000000bf280000, 0x00000000e0000000)
  object space 510464K, 67% used [0x00000000a0000000,0x00000000b525d830,0x00000000bf280000)
 Metaspace       used 65923K, capacity 67926K, committed 68096K, reserved 1107968K
  class space    used 8316K, capacity 8700K, committed 8704K, reserved 1048576K
Event: 323.654 GC heap after
Heap after GC invocations=32 (full 7):
 PSYoungGen      total 424960K, used 49007K [0x00000000e0000000, 0x0000000100000000, 0x0000000100000000)
  eden space 325632K, 0% used [0x00000000e0000000,0x00000000e0000000,0x00000000f3e00000)
  from space 99328K, 49% used [0x00000000f3e00000,0x00000000f6ddbd80,0x00000000f9f00000)
  to   space 96768K, 0% used [0x00000000fa180000,0x00000000fa180000,0x0000000100000000)
 ParOldGen       total 510464K, used 367273K [0x00000000a0000000, 0x00000000bf280000, 0x00000000e0000000)
  object space 510464K, 71% used [0x00000000a0000000,0x00000000b66aa7f8,0x00000000bf280000)
 Metaspace       used 65923K, capacity 67926K, committed 68096K, reserved 1107968K
  class space    used 8316K, capacity 8700K, committed 8704K, reserved 1048576K
}
Event: 324.629 GC heap before
{Heap before GC invocations=33 (full 7):
 PSYoungGen      total 424960K, used 374639K [0x00000000e0000000, 0x0000000100000000, 0x0000000100000000)
  eden space 325632K, 100% used [0x00000000e0000000,0x00000000f3e00000,0x00000000f3e00000)
  from space 99328K, 49% used [0x00000000f3e00000,0x00000000f6ddbd80,0x00000000f9f00000)
  to   space 96768K, 0% used [0x00000000fa180000,0x00000000fa180000,0x0000000100000000)
 ParOldGen       total 510464K, used 368103K [0x00000000a0000000, 0x00000000bf280000, 0x00000000e0000000)
  object space 510464K, 72% used [0x00000000a0000000,0x00000000b6779f90,0x00000000bf280000)
 Metaspace       used 65926K, capacity 67926K, committed 68096K, reserved 1107968K
  class space    used 8317K, capacity 8700K, committed 8704K, reserved 1048576K
Event: 324.764 GC heap after
Heap after GC invocations=33 (full 7):
 PSYoungGen      total 398848K, used 94840K [0x00000000e0000000, 0x0000000100000000, 0x0000000100000000)
  eden space 302080K, 0% used [0x00000000e0000000,0x00000000e0000000,0x00000000f2700000)
  from space 96768K, 98% used [0x00000000fa180000,0x00000000ffe1e2a0,0x0000000100000000)
  to   space 111104K, 0% used [0x00000000f2700000,0x00000000f2700000,0x00000000f9380000)
 ParOldGen       total 510464K, used 368103K [0x00000000a0000000, 0x00000000bf280000, 0x00000000e0000000)
  object space 510464K, 72% used [0x00000000a0000000,0x00000000b6779f90,0x00000000bf280000)
 Metaspace       used 65926K, capacity 67926K, committed 68096K, reserved 1107968K
  class space    used 8317K, capacity 8700K, committed 8704K, reserved 1048576K
}
Event: 325.611 GC heap before
{Heap before GC invocations=34 (full 7):
 PSYoungGen      total 398848K, used 396920K [0x00000000e0000000, 0x0000000100000000, 0x0000000100000000)
  eden space 302080K, 100% used [0x00000000e0000000,0x00000000f2700000,0x00000000f2700000)
  from space 96768K, 98% used [0x00000000fa180000,0x00000000ffe1e2a0,0x0000000100000000)
  to   space 111104K, 0% used [0x00000000f2700000,0x00000000f2700000,0x00000000f9380000)
 ParOldGen       total 510464K, used 368105K [0x00000000a0000000, 0x00000000bf280000, 0x00000000e0000000)
  object space 510464K, 72% used [0x00000000a0000000,0x00000000b677a570,0x00000000bf280000)
 Metaspace       used 65928K, capacity 67926K, committed 68096K, reserved 1107968K
  class space    used 8317K, capacity 8700K, committed 8704K, reserved 1048576K
Event: 325.812 GC heap after
Heap after GC invocations=34 (full 7):
 PSYoungGen      total 413184K, used 111082K [0x00000000e0000000, 0x0000000100000000, 0x0000000100000000)
  eden space 302080K, 0% used [0x00000000e0000000,0x00000000e0000000,0x00000000f2700000)
  from space 111104K, 99% used [0x00000000f2700000,0x00000000f937abe8,0x00000000f9380000)
  to   space 111104K, 0% used [0x00000000f9380000,0x00000000f9380000,0x0000000100000000)
 ParOldGen       total 510464K, used 396992K [0x00000000a0000000, 0x00000000bf280000, 0x00000000e0000000)
  object space 510464K, 77% used [0x00000000a0000000,0x00000000b83b0128,0x00000000bf280000)
 Metaspace       used 65928K, capacity 67926K, committed 68096K, reserved 1107968K
  class space    used 8317K, capacity 8700K, committed 8704K, reserved 1048576K
}
Event: 326.516 GC heap before
{Heap before GC invocations=35 (full 7):
 PSYoungGen      total 413184K, used 413162K [0x00000000e0000000, 0x0000000100000000, 0x0000000100000000)
  eden space 302080K, 100% used [0x00000000e0000000,0x00000000f2700000,0x00000000f2700000)
  from space 111104K, 99% used [0x00000000f2700000,0x00000000f937abe8,0x00000000f9380000)
  to   space 111104K, 0% used [0x00000000f9380000,0x00000000f9380000,0x0000000100000000)
 ParOldGen       total 510464K, used 396992K [0x00000000a0000000, 0x00000000bf280000, 0x00000000e0000000)
  object space 510464K, 77% used [0x00000000a0000000,0x00000000b83b0128,0x00000000bf280000)
 Metaspace       used 65928K, capacity 67926K, committed 68096K, reserved 1107968K
  class space    used 8317K, capacity 8700K, committed 8704K, reserved 1048576K
Event: 326.768 GC heap after
Heap after GC invocations=35 (full 7):
 PSYoungGen      total 351744K, used 83755K [0x00000000e0000000, 0x0000000100000000, 0x0000000100000000)
  eden space 240640K, 0% used [0x00000000e0000000,0x00000000e0000000,0x00000000eeb00000)
  from space 111104K, 75% used [0x00000000f9380000,0x00000000fe54aed8,0x0000000100000000)
  to   space 141824K, 0% used [0x00000000eeb00000,0x00000000eeb00000,0x00000000f7580000)
 ParOldGen       total 510464K, used 476782K [0x00000000a0000000, 0x00000000bf280000, 0x00000000e0000000)
  object space 510464K, 93% used [0x00000000a0000000,0x00000000bd19bb50,0x00000000bf280000)
 Metaspace       used 65928K, capacity 67926K, committed 68096K, reserved 1107968K
  class space    used 8317K, capacity 8700K, committed 8704K, reserved 1048576K
}
Event: 326.768 GC heap before
{Heap before GC invocations=36 (full 8):
 PSYoungGen      total 351744K, used 83755K [0x00000000e0000000, 0x0000000100000000, 0x0000000100000000)
  eden space 240640K, 0% used [0x00000000e0000000,0x00000000e0000000,0x00000000eeb00000)
  from space 111104K, 75% used [0x00000000f9380000,0x00000000fe54aed8,0x0000000100000000)
  to   space 141824K, 0% used [0x00000000eeb00000,0x00000000eeb00000,0x00000000f7580000)
 ParOldGen       total 510464K, used 476782K [0x00000000a0000000, 0x00000000bf280000, 0x00000000e0000000)
  object space 510464K, 93% used [0x00000000a0000000,0x00000000bd19bb50,0x00000000bf280000)
 Metaspace       used 65928K, capacity 67926K, committed 68096K, reserved 1107968K
  class space    used 8317K, capacity 8700K, committed 8704K, reserved 1048576K

